<?xml version="1.0" encoding="UTF-8"?>
<testsuite name="com.gildedrose.GildedRoseTest" tests="1" skipped="0" failures="0" errors="0" timestamp="2020-10-04T14:08:48" hostname="DESKTOP-1SPHOU6" time="0.095">
  <properties/>
  <testcase name="foo()" classname="com.gildedrose.GildedRoseTest" time="0.095"/>
  <system-out><![CDATA[name, sellIn, quality
foo, -1, 0
+5 Dexterity Vest, 9, 19
+5 Dexterity Vest, -11, 18
Aged Brie, 1, 1
Aged Brie, -3, 50
Elixir of the Mongoose, 4, 6
Sulfuras, Hand of Ragnaros, 0, 80
Sulfuras, Hand of Ragnaros, -1, 80
Backstage passes to a TAFKAL80ETC concert, 14, 21
Backstage passes to a TAFKAL80ETC concert, 9, 50
Backstage passes to a TAFKAL80ETC concert, 4, 50
Backstage passes to a TAFKAL80ETC concert, 4, 28
Backstage passes to a TAFKAL80ETC concert, -6, 0
Conjured Mana Cake, 2, 5
]]></system-out>
  <system-err><![CDATA[]]></system-err>
</testsuite>
