<?xml version="1.0" encoding="UTF-8"?>
<testsuite name="com.gildedrose.GildedRoseTest" tests="1" skipped="0" failures="0" errors="0" timestamp="2020-10-03T18:51:45" hostname="DESKTOP-1SPHOU6" time="0.057">
  <properties/>
  <testcase name="foo()" classname="com.gildedrose.GildedRoseTest" time="0.057"/>
  <system-out><![CDATA[]]></system-out>
  <system-err><![CDATA[]]></system-err>
</testsuite>
